<?xml version="1.0" encoding="UTF-8"?>
<!-- Generated by org.testng.reporters.JUnitReportReporter -->
<testsuite skipped="0" hostname="madhav-PC" name="Learning.Clarity" tests="9" failures="0" timestamp="28 Oct 2017 13:58:18 GMT" time="72.013" errors="0">
  <testcase name="main" time="64.917" classname="Learning.Clarity"/>
  <testcase name="Tue" time="1.003" classname="Learning.Clarity"/>
  <testcase name="Adding_the_project" time="0.038" classname="Learning.Clarity"/>
  <testcase name="Fri" time="1.016" classname="Learning.Clarity"/>
  <testcase name="Fill_Timesheet" time="1.002" classname="Learning.Clarity"/>
  <testcase name="Wed" time="1.006" classname="Learning.Clarity"/>
  <testcase name="Thu" time="1.001" classname="Learning.Clarity"/>
  <testcase name="Mon" time="1.011" classname="Learning.Clarity"/>
  <testcase name="Save_and_Submit_Timesheet" time="1.019" classname="Learning.Clarity"/>
</testsuite> <!-- Learning.Clarity -->
